Connecting to database specified by database.yml


Started GET "/assets/rails.png" for 127.0.0.1 at 2014-03-08 22:13:12 -0600
Served asset /rails.png - 200 OK (5ms)
Connecting to database specified by database.yml


Started GET "/assets/rails.png" for 127.0.0.1 at 2014-03-08 22:32:21 -0600
Served asset /rails.png - 304 Not Modified (3ms)
Connecting to database specified by database.yml


Started GET "/assets/rails.png" for 127.0.0.1 at 2014-03-08 22:34:14 -0600
Served asset /rails.png - 304 Not Modified (0ms)
Connecting to database specified by database.yml
Connecting to database specified by database.yml


Started GET "/" for 127.0.0.1 at 2014-03-08 22:42:02 -0600
Processing by WelcomeController#index as HTML
  Rendered welcome/index.html.erb within layouts/application (1.3ms)
Compiled welcome.css  (5ms)  (pid 5180)
Compiled application.css  (9ms)  (pid 5180)
Compiled jquery.js  (4ms)  (pid 5180)
Compiled jquery_ujs.js  (0ms)  (pid 5180)
Compiled welcome.js  (138ms)  (pid 5180)
Compiled application.js  (159ms)  (pid 5180)
Completed 200 OK in 232ms (Views: 231.5ms | ActiveRecord: 0.0ms)


Started GET "/assets/welcome.css?body=1" for 127.0.0.1 at 2014-03-08 22:42:02 -0600
Served asset /welcome.css - 200 OK (3ms)


Started GET "/assets/jquery.js?body=1" for 127.0.0.1 at 2014-03-08 22:42:02 -0600
Served asset /jquery.js - 200 OK (3ms)


Started GET "/assets/application.css?body=1" for 127.0.0.1 at 2014-03-08 22:42:02 -0600
Served asset /application.css - 200 OK (3ms)


Started GET "/assets/welcome.js?body=1" for 127.0.0.1 at 2014-03-08 22:42:02 -0600
Served asset /welcome.js - 304 Not Modified (2ms)


Started GET "/assets/jquery_ujs.js?body=1" for 127.0.0.1 at 2014-03-08 22:42:02 -0600
Served asset /jquery_ujs.js - 200 OK (2ms)


Started GET "/assets/application.js?body=1" for 127.0.0.1 at 2014-03-08 22:42:02 -0600
Served asset /application.js - 200 OK (49ms)


Started GET "/welcome/index" for 127.0.0.1 at 2014-03-08 22:42:04 -0600
Processing by WelcomeController#index as HTML
  Rendered welcome/index.html.erb within layouts/application (0.1ms)
Completed 200 OK in 8ms (Views: 8.1ms | ActiveRecord: 0.0ms)


Started GET "/assets/welcome.js?body=1" for 127.0.0.1 at 2014-03-08 22:42:04 -0600
Served asset /welcome.js - 304 Not Modified (0ms)


Started GET "/welcome/about" for 127.0.0.1 at 2014-03-08 22:42:05 -0600
Processing by WelcomeController#about as HTML
  Rendered welcome/about.html.erb within layouts/application (0.6ms)
Completed 200 OK in 10ms (Views: 9.2ms | ActiveRecord: 0.0ms)


Started GET "/assets/welcome.js?body=1" for 127.0.0.1 at 2014-03-08 22:42:05 -0600
Served asset /welcome.js - 304 Not Modified (0ms)


Started GET "/welcome/index" for 127.0.0.1 at 2014-03-08 22:42:06 -0600
Processing by WelcomeController#index as HTML
  Rendered welcome/index.html.erb within layouts/application (0.1ms)
Completed 200 OK in 8ms (Views: 8.1ms | ActiveRecord: 0.0ms)


Started GET "/assets/welcome.js?body=1" for 127.0.0.1 at 2014-03-08 22:42:06 -0600
Served asset /welcome.js - 304 Not Modified (0ms)


Started GET "/welcome/index" for 127.0.0.1 at 2014-03-08 22:42:19 -0600
Processing by WelcomeController#index as HTML
  Rendered welcome/index.html.erb within layouts/application (0.4ms)
Completed 200 OK in 10ms (Views: 9.9ms | ActiveRecord: 0.0ms)


Started GET "/assets/welcome.js?body=1" for 127.0.0.1 at 2014-03-08 22:42:19 -0600
Served asset /welcome.js - 304 Not Modified (0ms)
